<?xml version="1.0" encoding="UTF-8"?>
<!-- Generated by org.testng.reporters.JUnitReportReporter -->
<testsuite hostname="DESKTOP-0RQF8FK" failures="0" tests="1" name="orangehrm.testcases.OrangeHRMTestSuite" time="61.388" errors="0" timestamp="2023-07-11T10:19:47 IST" skipped="0">
  <testcase classname="orangehrm.testcases.OrangeHRMTestSuite" name="checkOrangeHRM" time="61.388"/>
  <system-out/>
</testsuite> <!-- orangehrm.testcases.OrangeHRMTestSuite -->
